2026-05-01 07:15:05,169 INFO [2025-12-11T00:00:00] Please note that a dedicated catalogue entry for this dataset, post-processed and stored in Analysis Ready Cloud Optimized (ARCO) format (Zarr), is available for optimised time-series retrievals (i.e. for retrieving data from selected variables for a single point over an extended period of time in an efficient way). You can discover it [here](https://cds.climate.copernicus.eu/datasets/reanalysis-era5-single-levels-timeseries?tab=overview)
2026-05-01 07:15:05,169 INFO Request ID is a981237d-00a8-4c92-b90c-aa2564b6c846
2026-05-01 07:15:05,361 INFO status has been updated to accepted
2026-05-01 07:15:19,498 INFO status has been updated to running
2026-05-01 07:15:27,282 INFO status has been updated to successful
Starting job 2026-05-01
Retrieving 2026-04-26 from Copernicus CDS...

9c5881394573a337469055b1cf190e51.grib:   0%|          | 0.00/2.56M [00:00<?, ?B/s]
9c5881394573a337469055b1cf190e51.grib:  39%|███▉      | 1.00M/2.56M [00:01<00:02, 737kB/s]
9c5881394573a337469055b1cf190e51.grib:  78%|███████▊  | 2.00M/2.56M [00:01<00:00, 1.55MB/s]
                                                                                           
Ignoring index file 'temp/era5-2026-04-26.grib.5b7b6.idx' older than GRIB file
Ignoring index file 'temp/era5-2026-04-26.grib.5b7b6.idx' older than GRIB file
Ignoring index file 'temp/era5-2026-04-26.grib.5b7b6.idx' older than GRIB file
2026-05-01 07:15:32,787 INFO [2025-12-11T00:00:00] Please note that a dedicated catalogue entry for this dataset, post-processed and stored in Analysis Ready Cloud Optimized (ARCO) format (Zarr), is available for optimised time-series retrievals (i.e. for retrieving data from selected variables for a single point over an extended period of time in an efficient way). You can discover it [here](https://cds.climate.copernicus.eu/datasets/reanalysis-era5-single-levels-timeseries?tab=overview)
2026-05-01 07:15:32,787 INFO Request ID is d373bd67-0025-4ec2-9b03-754c8a9bbe2d
2026-05-01 07:15:32,965 INFO status has been updated to accepted
2026-05-01 12:20:18,530 INFO status has been updated to successful
Retrieving 2026-04-25 from Copernicus CDS...

9b8b4edc68b563b6e8a3b0cc00a4aa13.grib:   0%|          | 0.00/7.67M [00:00<?, ?B/s]
9b8b4edc68b563b6e8a3b0cc00a4aa13.grib:  13%|█▎        | 1.00M/7.67M [00:01<00:09, 731kB/s]
9b8b4edc68b563b6e8a3b0cc00a4aa13.grib:  26%|██▌       | 2.00M/7.67M [00:01<00:03, 1.53MB/s]
9b8b4edc68b563b6e8a3b0cc00a4aa13.grib:  52%|█████▏    | 4.00M/7.67M [00:01<00:01, 3.43MB/s]
9b8b4edc68b563b6e8a3b0cc00a4aa13.grib:  91%|█████████▏| 7.00M/7.67M [00:01<00:00, 6.49MB/s]
                                                                                           
Success 2026-05-01 ,  2 file(s) downloaded.

2026-05-01 13:15:05,448 INFO [2025-12-11T00:00:00] Please note that a dedicated catalogue entry for this dataset, post-processed and stored in Analysis Ready Cloud Optimized (ARCO) format (Zarr), is available for optimised time-series retrievals (i.e. for retrieving data from selected variables for a single point over an extended period of time in an efficient way). You can discover it [here](https://cds.climate.copernicus.eu/datasets/reanalysis-era5-single-levels-timeseries?tab=overview)
2026-05-01 13:15:05,449 INFO Request ID is f051c28c-96aa-45bc-9fa6-95917fa6f585
2026-05-01 13:15:05,630 INFO status has been updated to accepted
2026-05-01 17:00:46,559 INFO status has been updated to successful
Starting job 2026-05-01
Retrieving 2026-04-26 from Copernicus CDS...

9676e858c853bf007f4802bff3ddbf32.grib:   0%|          | 0.00/5.75M [00:00<?, ?B/s]
9676e858c853bf007f4802bff3ddbf32.grib:  17%|█▋        | 1.00M/5.75M [00:01<00:06, 743kB/s]
9676e858c853bf007f4802bff3ddbf32.grib:  35%|███▍      | 2.00M/5.75M [00:01<00:02, 1.56MB/s]
9676e858c853bf007f4802bff3ddbf32.grib:  70%|██████▉   | 4.00M/5.75M [00:01<00:00, 3.51MB/s]
                                                                                           
2026-05-01 17:00:52,642 INFO [2025-12-11T00:00:00] Please note that a dedicated catalogue entry for this dataset, post-processed and stored in Analysis Ready Cloud Optimized (ARCO) format (Zarr), is available for optimised time-series retrievals (i.e. for retrieving data from selected variables for a single point over an extended period of time in an efficient way). You can discover it [here](https://cds.climate.copernicus.eu/datasets/reanalysis-era5-single-levels-timeseries?tab=overview)
2026-05-01 17:00:52,642 INFO Request ID is 0cb89e77-8300-4a89-aeb0-3d909660e1e5
2026-05-01 17:00:52,832 INFO status has been updated to accepted
2026-05-01 20:36:41,903 INFO status has been updated to successful
Retrieving 2026-04-25 from Copernicus CDS...

9b8b4edc68b563b6e8a3b0cc00a4aa13.grib:   0%|          | 0.00/7.67M [00:00<?, ?B/s]
9b8b4edc68b563b6e8a3b0cc00a4aa13.grib:  13%|█▎        | 1.00M/7.67M [00:01<00:09, 752kB/s]
9b8b4edc68b563b6e8a3b0cc00a4aa13.grib:  26%|██▌       | 2.00M/7.67M [00:01<00:03, 1.58MB/s]
9b8b4edc68b563b6e8a3b0cc00a4aa13.grib:  52%|█████▏    | 4.00M/7.67M [00:01<00:01, 3.54MB/s]
9b8b4edc68b563b6e8a3b0cc00a4aa13.grib:  91%|█████████▏| 7.00M/7.67M [00:01<00:00, 6.46MB/s]
                                                                                           
Success 2026-05-01 ,  2 file(s) downloaded.

2026-05-02 00:15:05,825 INFO [2025-12-11T00:00:00] Please note that a dedicated catalogue entry for this dataset, post-processed and stored in Analysis Ready Cloud Optimized (ARCO) format (Zarr), is available for optimised time-series retrievals (i.e. for retrieving data from selected variables for a single point over an extended period of time in an efficient way). You can discover it [here](https://cds.climate.copernicus.eu/datasets/reanalysis-era5-single-levels-timeseries?tab=overview)
2026-05-02 00:15:05,826 INFO Request ID is 8fdf533b-be6d-4f91-866b-31b336fc8c07
2026-05-02 00:15:06,013 INFO status has been updated to accepted
2026-05-02 00:15:39,544 INFO status has been updated to successful
Starting job 2026-05-02
Retrieving 2026-04-27 from Copernicus CDS...

c8db83b3ddd4a767b1a20221cc04eb05.grib:   0%|          | 0.00/327k [00:00<?, ?B/s]
c8db83b3ddd4a767b1a20221cc04eb05.grib: 100%|██████████| 327k/327k [00:01<00:00, 291kB/s]
                                                                                        
Traceback (most recent call last):
  File "/home/psotkaj/anaconda3/envs/project/lib/python3.13/site-packages/xarray/namedarray/core.py", line 433, in __len__
    return self.shape[0]
           ~~~~~~~~~~^^^
IndexError: tuple index out of range

The above exception was the direct cause of the following exception:

Traceback (most recent call last):
  File "/home/psotkaj/era5_for_arcc/api-request.py", line 67, in <module>
    P_converted = xr.Dataset({"tp":(["time","latitude","longitude"],P.tp.values.reshape((len(P.time)*len(P.step),len(P.latitude),len(P.longitude))))},
                                                                                         ~~~^^^^^^^^
  File "/home/psotkaj/anaconda3/envs/project/lib/python3.13/site-packages/xarray/core/dataarray.py", line 781, in __len__
    return len(self.variable)
  File "/home/psotkaj/anaconda3/envs/project/lib/python3.13/site-packages/xarray/namedarray/core.py", line 435, in __len__
    raise TypeError("len() of unsized object") from exc
TypeError: len() of unsized object
2026-05-02 07:15:05,552 INFO [2025-12-11T00:00:00] Please note that a dedicated catalogue entry for this dataset, post-processed and stored in Analysis Ready Cloud Optimized (ARCO) format (Zarr), is available for optimised time-series retrievals (i.e. for retrieving data from selected variables for a single point over an extended period of time in an efficient way). You can discover it [here](https://cds.climate.copernicus.eu/datasets/reanalysis-era5-single-levels-timeseries?tab=overview)
2026-05-02 07:15:05,553 INFO Request ID is 4a9515cb-6e7d-436b-9b4c-c29e91f87ca1
2026-05-02 07:15:05,735 INFO status has been updated to accepted
2026-05-02 07:15:28,887 INFO status has been updated to successful
Starting job 2026-05-02
Retrieving 2026-04-27 from Copernicus CDS...

8c630d6b7b1d546f40c849dedea7d5bc.grib:   0%|          | 0.00/2.56M [00:00<?, ?B/s]
8c630d6b7b1d546f40c849dedea7d5bc.grib:  39%|███▉      | 1.00M/2.56M [00:01<00:02, 731kB/s]
8c630d6b7b1d546f40c849dedea7d5bc.grib:  78%|███████▊  | 2.00M/2.56M [00:01<00:00, 1.53MB/s]
                                                                                           
Ignoring index file 'temp/era5-2026-04-27.grib.5b7b6.idx' older than GRIB file
Ignoring index file 'temp/era5-2026-04-27.grib.5b7b6.idx' older than GRIB file
Ignoring index file 'temp/era5-2026-04-27.grib.5b7b6.idx' older than GRIB file
2026-05-02 07:15:33,283 INFO [2025-12-11T00:00:00] Please note that a dedicated catalogue entry for this dataset, post-processed and stored in Analysis Ready Cloud Optimized (ARCO) format (Zarr), is available for optimised time-series retrievals (i.e. for retrieving data from selected variables for a single point over an extended period of time in an efficient way). You can discover it [here](https://cds.climate.copernicus.eu/datasets/reanalysis-era5-single-levels-timeseries?tab=overview)
2026-05-02 07:15:33,283 INFO Request ID is 252028c4-2329-4505-89ed-3644de0790bb
2026-05-02 07:15:33,452 INFO status has been updated to accepted
2026-05-02 10:43:12,465 INFO status has been updated to running
2026-05-02 10:45:13,129 INFO status has been updated to successful
Retrieving 2026-04-26 from Copernicus CDS...

bf5b55afcac7cff4d69613125794b561.grib:   0%|          | 0.00/7.67M [00:00<?, ?B/s]
bf5b55afcac7cff4d69613125794b561.grib:  13%|█▎        | 1.00M/7.67M [00:01<00:09, 740kB/s]
bf5b55afcac7cff4d69613125794b561.grib:  26%|██▌       | 2.00M/7.67M [00:01<00:03, 1.55MB/s]
bf5b55afcac7cff4d69613125794b561.grib:  52%|█████▏    | 4.00M/7.67M [00:01<00:01, 3.47MB/s]
bf5b55afcac7cff4d69613125794b561.grib:  91%|█████████▏| 7.00M/7.67M [00:01<00:00, 6.58MB/s]
                                                                                           
Success 2026-05-02 ,  2 file(s) downloaded.

2026-05-02 13:15:05,466 INFO [2025-12-11T00:00:00] Please note that a dedicated catalogue entry for this dataset, post-processed and stored in Analysis Ready Cloud Optimized (ARCO) format (Zarr), is available for optimised time-series retrievals (i.e. for retrieving data from selected variables for a single point over an extended period of time in an efficient way). You can discover it [here](https://cds.climate.copernicus.eu/datasets/reanalysis-era5-single-levels-timeseries?tab=overview)
2026-05-02 13:15:05,466 INFO Request ID is 35c5eac8-be8d-4cb4-bf7e-ec623ec01b96
2026-05-02 13:15:08,357 INFO status has been updated to accepted
2026-05-02 14:17:55,159 INFO status has been updated to successful
Starting job 2026-05-02
Retrieving 2026-04-27 from Copernicus CDS...

40904d18c0e338eb456332911fd7c474.grib:   0%|          | 0.00/4.79M [00:00<?, ?B/s]
40904d18c0e338eb456332911fd7c474.grib:  21%|██        | 1.00M/4.79M [00:01<00:05, 730kB/s]
40904d18c0e338eb456332911fd7c474.grib:  42%|████▏     | 2.00M/4.79M [00:01<00:01, 1.53MB/s]
40904d18c0e338eb456332911fd7c474.grib:  83%|████████▎ | 4.00M/4.79M [00:01<00:00, 3.43MB/s]
                                                                                           
2026-05-02 14:18:00,764 INFO [2025-12-11T00:00:00] Please note that a dedicated catalogue entry for this dataset, post-processed and stored in Analysis Ready Cloud Optimized (ARCO) format (Zarr), is available for optimised time-series retrievals (i.e. for retrieving data from selected variables for a single point over an extended period of time in an efficient way). You can discover it [here](https://cds.climate.copernicus.eu/datasets/reanalysis-era5-single-levels-timeseries?tab=overview)
2026-05-02 14:18:00,764 INFO Request ID is c959ed6d-55c9-480a-98e3-694db3aafca4
2026-05-02 14:18:00,945 INFO status has been updated to accepted
2026-05-02 17:41:36,089 INFO status has been updated to successful
Retrieving 2026-04-26 from Copernicus CDS...

bf5b55afcac7cff4d69613125794b561.grib:   0%|          | 0.00/7.67M [00:00<?, ?B/s]
bf5b55afcac7cff4d69613125794b561.grib:  13%|█▎        | 1.00M/7.67M [00:01<00:09, 730kB/s]
bf5b55afcac7cff4d69613125794b561.grib:  26%|██▌       | 2.00M/7.67M [00:01<00:03, 1.53MB/s]
bf5b55afcac7cff4d69613125794b561.grib:  52%|█████▏    | 4.00M/7.67M [00:01<00:01, 3.43MB/s]
bf5b55afcac7cff4d69613125794b561.grib:  78%|███████▊  | 6.00M/7.67M [00:01<00:00, 5.62MB/s]
bf5b55afcac7cff4d69613125794b561.grib: 100%|██████████| 7.67M/7.67M [00:02<00:00, 6.97MB/s]
                                                                                           
Success 2026-05-02 ,  2 file(s) downloaded.

2026-05-03 00:15:05,168 INFO [2025-12-11T00:00:00] Please note that a dedicated catalogue entry for this dataset, post-processed and stored in Analysis Ready Cloud Optimized (ARCO) format (Zarr), is available for optimised time-series retrievals (i.e. for retrieving data from selected variables for a single point over an extended period of time in an efficient way). You can discover it [here](https://cds.climate.copernicus.eu/datasets/reanalysis-era5-single-levels-timeseries?tab=overview)
2026-05-03 00:15:05,168 INFO Request ID is 215d85ba-56a8-4143-a3ad-2be706aa4d05
2026-05-03 00:15:05,386 INFO status has been updated to accepted
2026-05-03 00:15:19,506 INFO status has been updated to running
2026-05-03 00:15:27,270 INFO status has been updated to successful
Starting job 2026-05-03
Retrieving 2026-04-28 from Copernicus CDS...

230d02618b42e6c3ca8bdcc699eeab0c.grib:   0%|          | 0.00/327k [00:00<?, ?B/s]
230d02618b42e6c3ca8bdcc699eeab0c.grib: 100%|██████████| 327k/327k [00:01<00:00, 289kB/s]
                                                                                        
Traceback (most recent call last):
  File "/home/psotkaj/anaconda3/envs/project/lib/python3.13/site-packages/xarray/namedarray/core.py", line 433, in __len__
    return self.shape[0]
           ~~~~~~~~~~^^^
IndexError: tuple index out of range

The above exception was the direct cause of the following exception:

Traceback (most recent call last):
  File "/home/psotkaj/era5_for_arcc/api-request.py", line 67, in <module>
    P_converted = xr.Dataset({"tp":(["time","latitude","longitude"],P.tp.values.reshape((len(P.time)*len(P.step),len(P.latitude),len(P.longitude))))},
                                                                                         ~~~^^^^^^^^
  File "/home/psotkaj/anaconda3/envs/project/lib/python3.13/site-packages/xarray/core/dataarray.py", line 781, in __len__
    return len(self.variable)
  File "/home/psotkaj/anaconda3/envs/project/lib/python3.13/site-packages/xarray/namedarray/core.py", line 435, in __len__
    raise TypeError("len() of unsized object") from exc
TypeError: len() of unsized object
2026-05-03 07:15:05,385 INFO [2025-12-11T00:00:00] Please note that a dedicated catalogue entry for this dataset, post-processed and stored in Analysis Ready Cloud Optimized (ARCO) format (Zarr), is available for optimised time-series retrievals (i.e. for retrieving data from selected variables for a single point over an extended period of time in an efficient way). You can discover it [here](https://cds.climate.copernicus.eu/datasets/reanalysis-era5-single-levels-timeseries?tab=overview)
2026-05-03 07:15:05,385 INFO Request ID is 2fe8d923-47f2-4108-a69c-9de7e66e26e1
2026-05-03 07:15:05,574 INFO status has been updated to accepted
2026-05-03 07:15:56,378 INFO status has been updated to successful
Starting job 2026-05-03
Retrieving 2026-04-28 from Copernicus CDS...

9a837a826ff8fa201b1abe00babfa82.grib:   0%|          | 0.00/2.56M [00:00<?, ?B/s]
9a837a826ff8fa201b1abe00babfa82.grib:  39%|███▉      | 1.00M/2.56M [00:01<00:02, 747kB/s]
9a837a826ff8fa201b1abe00babfa82.grib:  78%|███████▊  | 2.00M/2.56M [00:01<00:00, 1.57MB/s]
                                                                                          
Ignoring index file 'temp/era5-2026-04-28.grib.5b7b6.idx' older than GRIB file
Ignoring index file 'temp/era5-2026-04-28.grib.5b7b6.idx' older than GRIB file
Ignoring index file 'temp/era5-2026-04-28.grib.5b7b6.idx' older than GRIB file
2026-05-03 07:16:01,837 INFO [2025-12-11T00:00:00] Please note that a dedicated catalogue entry for this dataset, post-processed and stored in Analysis Ready Cloud Optimized (ARCO) format (Zarr), is available for optimised time-series retrievals (i.e. for retrieving data from selected variables for a single point over an extended period of time in an efficient way). You can discover it [here](https://cds.climate.copernicus.eu/datasets/reanalysis-era5-single-levels-timeseries?tab=overview)
2026-05-03 07:16:01,838 INFO Request ID is 04b11a7d-c780-4b8d-9c46-f0edb4c26f52
2026-05-03 07:16:02,006 INFO status has been updated to accepted
2026-05-03 10:11:24,893 INFO status has been updated to successful
Retrieving 2026-04-27 from Copernicus CDS...

4de02ed5310b642ecdd672e15649c4f0.grib:   0%|          | 0.00/7.67M [00:00<?, ?B/s]
4de02ed5310b642ecdd672e15649c4f0.grib:  13%|█▎        | 1.00M/7.67M [00:01<00:09, 702kB/s]
4de02ed5310b642ecdd672e15649c4f0.grib:  26%|██▌       | 2.00M/7.67M [00:01<00:04, 1.48MB/s]
4de02ed5310b642ecdd672e15649c4f0.grib:  52%|█████▏    | 4.00M/7.67M [00:01<00:01, 3.34MB/s]
4de02ed5310b642ecdd672e15649c4f0.grib:  91%|█████████▏| 7.00M/7.67M [00:01<00:00, 6.37MB/s]
                                                                                           
Success 2026-05-03 ,  2 file(s) downloaded.

2026-05-03 13:15:05,752 INFO [2025-12-11T00:00:00] Please note that a dedicated catalogue entry for this dataset, post-processed and stored in Analysis Ready Cloud Optimized (ARCO) format (Zarr), is available for optimised time-series retrievals (i.e. for retrieving data from selected variables for a single point over an extended period of time in an efficient way). You can discover it [here](https://cds.climate.copernicus.eu/datasets/reanalysis-era5-single-levels-timeseries?tab=overview)
2026-05-03 13:15:05,753 INFO Request ID is 64440fcc-014a-4441-aad1-56f1d665d254
2026-05-03 13:15:05,939 INFO status has been updated to accepted
2026-05-03 13:35:33,473 INFO status has been updated to successful
Starting job 2026-05-03
Retrieving 2026-04-28 from Copernicus CDS...

8867447da116cd632e42bac3c347a9b0.grib:   0%|          | 0.00/4.47M [00:00<?, ?B/s]
8867447da116cd632e42bac3c347a9b0.grib:  22%|██▏       | 1.00M/4.47M [00:01<00:05, 706kB/s]
8867447da116cd632e42bac3c347a9b0.grib:  45%|████▍     | 2.00M/4.47M [00:01<00:01, 1.49MB/s]
8867447da116cd632e42bac3c347a9b0.grib:  89%|████████▉ | 4.00M/4.47M [00:01<00:00, 3.38MB/s]
                                                                                           
2026-05-03 13:35:39,247 INFO [2025-12-11T00:00:00] Please note that a dedicated catalogue entry for this dataset, post-processed and stored in Analysis Ready Cloud Optimized (ARCO) format (Zarr), is available for optimised time-series retrievals (i.e. for retrieving data from selected variables for a single point over an extended period of time in an efficient way). You can discover it [here](https://cds.climate.copernicus.eu/datasets/reanalysis-era5-single-levels-timeseries?tab=overview)
2026-05-03 13:35:39,247 INFO Request ID is 9a550ae5-b748-484d-b0a8-27a8b9f38f2e
2026-05-03 13:35:39,434 INFO status has been updated to accepted
2026-05-03 17:31:25,766 INFO status has been updated to successful
Retrieving 2026-04-27 from Copernicus CDS...

4de02ed5310b642ecdd672e15649c4f0.grib:   0%|          | 0.00/7.67M [00:00<?, ?B/s]
4de02ed5310b642ecdd672e15649c4f0.grib:  13%|█▎        | 1.00M/7.67M [00:01<00:09, 743kB/s]
4de02ed5310b642ecdd672e15649c4f0.grib:  26%|██▌       | 2.00M/7.67M [00:01<00:03, 1.56MB/s]
4de02ed5310b642ecdd672e15649c4f0.grib:  52%|█████▏    | 4.00M/7.67M [00:01<00:01, 3.51MB/s]
4de02ed5310b642ecdd672e15649c4f0.grib:  91%|█████████▏| 7.00M/7.67M [00:01<00:00, 6.63MB/s]
                                                                                           
Success 2026-05-03 ,  2 file(s) downloaded.

2026-05-04 00:15:05,974 INFO [2025-12-11T00:00:00] Please note that a dedicated catalogue entry for this dataset, post-processed and stored in Analysis Ready Cloud Optimized (ARCO) format (Zarr), is available for optimised time-series retrievals (i.e. for retrieving data from selected variables for a single point over an extended period of time in an efficient way). You can discover it [here](https://cds.climate.copernicus.eu/datasets/reanalysis-era5-single-levels-timeseries?tab=overview)
2026-05-04 00:15:05,974 INFO Request ID is 5c1996c4-70bf-48e9-97ef-cd206e050f56
2026-05-04 00:15:06,207 INFO status has been updated to accepted
2026-05-04 00:15:28,162 INFO status has been updated to running
2026-05-04 00:15:39,729 INFO status has been updated to successful
Starting job 2026-05-04
Retrieving 2026-04-29 from Copernicus CDS...

bcce93a39287b53f73aa57bbaf2ccb89.grib:   0%|          | 0.00/327k [00:00<?, ?B/s]
bcce93a39287b53f73aa57bbaf2ccb89.grib: 100%|██████████| 327k/327k [00:01<00:00, 287kB/s]
                                                                                        
Traceback (most recent call last):
  File "/home/psotkaj/anaconda3/envs/project/lib/python3.13/site-packages/xarray/namedarray/core.py", line 433, in __len__
    return self.shape[0]
           ~~~~~~~~~~^^^
IndexError: tuple index out of range

The above exception was the direct cause of the following exception:

Traceback (most recent call last):
  File "/home/psotkaj/era5_for_arcc/api-request.py", line 67, in <module>
    P_converted = xr.Dataset({"tp":(["time","latitude","longitude"],P.tp.values.reshape((len(P.time)*len(P.step),len(P.latitude),len(P.longitude))))},
                                                                                         ~~~^^^^^^^^
  File "/home/psotkaj/anaconda3/envs/project/lib/python3.13/site-packages/xarray/core/dataarray.py", line 781, in __len__
    return len(self.variable)
  File "/home/psotkaj/anaconda3/envs/project/lib/python3.13/site-packages/xarray/namedarray/core.py", line 435, in __len__
    raise TypeError("len() of unsized object") from exc
TypeError: len() of unsized object
2026-05-04 07:15:06,229 INFO [2025-12-11T00:00:00] Please note that a dedicated catalogue entry for this dataset, post-processed and stored in Analysis Ready Cloud Optimized (ARCO) format (Zarr), is available for optimised time-series retrievals (i.e. for retrieving data from selected variables for a single point over an extended period of time in an efficient way). You can discover it [here](https://cds.climate.copernicus.eu/datasets/reanalysis-era5-single-levels-timeseries?tab=overview)
2026-05-04 07:15:06,230 INFO Request ID is 7dbaa728-9128-476a-9404-35c5aef4c2ec
2026-05-04 07:15:06,414 INFO status has been updated to accepted
2026-05-04 07:15:28,297 INFO status has been updated to successful
Starting job 2026-05-04
Retrieving 2026-04-29 from Copernicus CDS...

ec036a0e4d22e1308d2c72f406b1ab4.grib:   0%|          | 0.00/2.56M [00:00<?, ?B/s]
ec036a0e4d22e1308d2c72f406b1ab4.grib:  39%|███▉      | 1.00M/2.56M [00:01<00:02, 629kB/s]
ec036a0e4d22e1308d2c72f406b1ab4.grib:  78%|███████▊  | 2.00M/2.56M [00:01<00:00, 1.35MB/s]
                                                                                          
Ignoring index file 'temp/era5-2026-04-29.grib.5b7b6.idx' older than GRIB file
Ignoring index file 'temp/era5-2026-04-29.grib.5b7b6.idx' older than GRIB file
Ignoring index file 'temp/era5-2026-04-29.grib.5b7b6.idx' older than GRIB file
2026-05-04 07:15:32,909 INFO [2025-12-11T00:00:00] Please note that a dedicated catalogue entry for this dataset, post-processed and stored in Analysis Ready Cloud Optimized (ARCO) format (Zarr), is available for optimised time-series retrievals (i.e. for retrieving data from selected variables for a single point over an extended period of time in an efficient way). You can discover it [here](https://cds.climate.copernicus.eu/datasets/reanalysis-era5-single-levels-timeseries?tab=overview)
2026-05-04 07:15:32,910 INFO Request ID is f858fffb-d7c8-44a2-be7f-ba68ff8cbec1
2026-05-04 07:15:33,080 INFO status has been updated to accepted
2026-05-04 11:35:34,572 INFO status has been updated to successful
Retrieving 2026-04-28 from Copernicus CDS...

61a6a4f0862e68b4280b71524896ab19.grib:   0%|          | 0.00/7.67M [00:00<?, ?B/s]
61a6a4f0862e68b4280b71524896ab19.grib:  13%|█▎        | 1.00M/7.67M [00:01<00:09, 726kB/s]
61a6a4f0862e68b4280b71524896ab19.grib:  26%|██▌       | 2.00M/7.67M [00:01<00:03, 1.51MB/s]
61a6a4f0862e68b4280b71524896ab19.grib:  52%|█████▏    | 4.00M/7.67M [00:01<00:01, 3.45MB/s]
61a6a4f0862e68b4280b71524896ab19.grib:  91%|█████████▏| 7.00M/7.67M [00:01<00:00, 6.53MB/s]
                                                                                           
Success 2026-05-04 ,  2 file(s) downloaded.

2026-05-04 13:15:06,187 INFO [2025-12-11T00:00:00] Please note that a dedicated catalogue entry for this dataset, post-processed and stored in Analysis Ready Cloud Optimized (ARCO) format (Zarr), is available for optimised time-series retrievals (i.e. for retrieving data from selected variables for a single point over an extended period of time in an efficient way). You can discover it [here](https://cds.climate.copernicus.eu/datasets/reanalysis-era5-single-levels-timeseries?tab=overview)
2026-05-04 13:15:06,188 INFO Request ID is 2c94f6af-61a3-4bd5-a8b7-128a4313c99c
2026-05-04 13:15:06,379 INFO status has been updated to accepted
2026-05-04 15:42:22,103 INFO status has been updated to successful
Starting job 2026-05-04
Retrieving 2026-04-29 from Copernicus CDS...

ba44264c22f1ba849ad3b4d8ce7064bb.grib:   0%|          | 0.00/5.11M [00:00<?, ?B/s]
ba44264c22f1ba849ad3b4d8ce7064bb.grib:  20%|█▉        | 1.00M/5.11M [00:01<00:05, 730kB/s]
ba44264c22f1ba849ad3b4d8ce7064bb.grib:  39%|███▉      | 2.00M/5.11M [00:01<00:02, 1.53MB/s]
ba44264c22f1ba849ad3b4d8ce7064bb.grib:  78%|███████▊  | 4.00M/5.11M [00:01<00:00, 3.43MB/s]
                                                                                           
2026-05-04 15:42:27,689 INFO [2025-12-11T00:00:00] Please note that a dedicated catalogue entry for this dataset, post-processed and stored in Analysis Ready Cloud Optimized (ARCO) format (Zarr), is available for optimised time-series retrievals (i.e. for retrieving data from selected variables for a single point over an extended period of time in an efficient way). You can discover it [here](https://cds.climate.copernicus.eu/datasets/reanalysis-era5-single-levels-timeseries?tab=overview)
2026-05-04 15:42:27,690 INFO Request ID is 045a874b-7a6c-40e8-b879-11349cf69a38
2026-05-04 15:42:27,895 INFO status has been updated to accepted
2026-05-04 20:20:44,032 INFO status has been updated to successful
Retrieving 2026-04-28 from Copernicus CDS...

61a6a4f0862e68b4280b71524896ab19.grib:   0%|          | 0.00/7.67M [00:00<?, ?B/s]
61a6a4f0862e68b4280b71524896ab19.grib:  13%|█▎        | 1.00M/7.67M [00:01<00:09, 729kB/s]
61a6a4f0862e68b4280b71524896ab19.grib:  26%|██▌       | 2.00M/7.67M [00:01<00:03, 1.53MB/s]
61a6a4f0862e68b4280b71524896ab19.grib:  52%|█████▏    | 4.00M/7.67M [00:01<00:01, 3.42MB/s]
61a6a4f0862e68b4280b71524896ab19.grib:  91%|█████████▏| 7.00M/7.67M [00:01<00:00, 6.48MB/s]
                                                                                           
Success 2026-05-04 ,  2 file(s) downloaded.

2026-05-05 00:15:05,954 INFO [2025-12-11T00:00:00] Please note that a dedicated catalogue entry for this dataset, post-processed and stored in Analysis Ready Cloud Optimized (ARCO) format (Zarr), is available for optimised time-series retrievals (i.e. for retrieving data from selected variables for a single point over an extended period of time in an efficient way). You can discover it [here](https://cds.climate.copernicus.eu/datasets/reanalysis-era5-single-levels-timeseries?tab=overview)
2026-05-05 00:15:05,954 INFO Request ID is 3e8af309-48f8-4d87-b275-8d92fa7bacfd
2026-05-05 00:15:06,136 INFO status has been updated to accepted
2026-05-05 00:15:27,992 INFO status has been updated to running
2026-05-05 00:15:39,870 INFO status has been updated to successful
Starting job 2026-05-05
Retrieving 2026-04-30 from Copernicus CDS...

86163dfd51da5a210ffd5afcb754afed.grib:   0%|          | 0.00/327k [00:00<?, ?B/s]
86163dfd51da5a210ffd5afcb754afed.grib: 100%|██████████| 327k/327k [00:01<00:00, 298kB/s]
                                                                                        
Traceback (most recent call last):
  File "/home/psotkaj/anaconda3/envs/project/lib/python3.13/site-packages/xarray/namedarray/core.py", line 433, in __len__
    return self.shape[0]
           ~~~~~~~~~~^^^
IndexError: tuple index out of range

The above exception was the direct cause of the following exception:

Traceback (most recent call last):
  File "/home/psotkaj/era5_for_arcc/api-request.py", line 67, in <module>
    P_converted = xr.Dataset({"tp":(["time","latitude","longitude"],P.tp.values.reshape((len(P.time)*len(P.step),len(P.latitude),len(P.longitude))))},
                                                                                         ~~~^^^^^^^^
  File "/home/psotkaj/anaconda3/envs/project/lib/python3.13/site-packages/xarray/core/dataarray.py", line 781, in __len__
    return len(self.variable)
  File "/home/psotkaj/anaconda3/envs/project/lib/python3.13/site-packages/xarray/namedarray/core.py", line 435, in __len__
    raise TypeError("len() of unsized object") from exc
TypeError: len() of unsized object
2026-05-05 07:15:05,420 INFO [2025-12-11T00:00:00] Please note that a dedicated catalogue entry for this dataset, post-processed and stored in Analysis Ready Cloud Optimized (ARCO) format (Zarr), is available for optimised time-series retrievals (i.e. for retrieving data from selected variables for a single point over an extended period of time in an efficient way). You can discover it [here](https://cds.climate.copernicus.eu/datasets/reanalysis-era5-single-levels-timeseries?tab=overview)
2026-05-05 07:15:05,421 INFO Request ID is b56bab2f-ef2c-427e-bd4c-5440f2c1ac99
2026-05-05 07:15:05,607 INFO status has been updated to accepted
2026-05-05 07:15:40,562 INFO status has been updated to successful
Starting job 2026-05-05
Retrieving 2026-04-30 from Copernicus CDS...

6e8939029f5ae1856717c220211d1aca.grib:   0%|          | 0.00/2.56M [00:00<?, ?B/s]
6e8939029f5ae1856717c220211d1aca.grib:  39%|███▉      | 1.00M/2.56M [00:01<00:02, 737kB/s]
6e8939029f5ae1856717c220211d1aca.grib:  78%|███████▊  | 2.00M/2.56M [00:01<00:00, 1.55MB/s]
                                                                                           
Ignoring index file 'temp/era5-2026-04-30.grib.5b7b6.idx' older than GRIB file
Ignoring index file 'temp/era5-2026-04-30.grib.5b7b6.idx' older than GRIB file
Ignoring index file 'temp/era5-2026-04-30.grib.5b7b6.idx' older than GRIB file
2026-05-05 07:15:44,968 INFO [2025-12-11T00:00:00] Please note that a dedicated catalogue entry for this dataset, post-processed and stored in Analysis Ready Cloud Optimized (ARCO) format (Zarr), is available for optimised time-series retrievals (i.e. for retrieving data from selected variables for a single point over an extended period of time in an efficient way). You can discover it [here](https://cds.climate.copernicus.eu/datasets/reanalysis-era5-single-levels-timeseries?tab=overview)
2026-05-05 07:15:44,969 INFO Request ID is a3b3eecc-bc3e-4e2d-ab01-2123b3daa1aa
2026-05-05 07:15:45,146 INFO status has been updated to accepted
2026-05-05 12:22:14,087 INFO status has been updated to successful
Retrieving 2026-04-29 from Copernicus CDS...

1b45f1b339263d37d4b8c2d9aaa675bf.grib:   0%|          | 0.00/7.67M [00:00<?, ?B/s]
1b45f1b339263d37d4b8c2d9aaa675bf.grib:  13%|█▎        | 1.00M/7.67M [00:01<00:09, 756kB/s]
1b45f1b339263d37d4b8c2d9aaa675bf.grib:  26%|██▌       | 2.00M/7.67M [00:01<00:03, 1.59MB/s]
1b45f1b339263d37d4b8c2d9aaa675bf.grib:  52%|█████▏    | 4.00M/7.67M [00:01<00:01, 3.55MB/s]
1b45f1b339263d37d4b8c2d9aaa675bf.grib:  91%|█████████▏| 7.00M/7.67M [00:01<00:00, 6.71MB/s]
                                                                                           
Success 2026-05-05 ,  2 file(s) downloaded.

2026-05-05 13:15:05,466 INFO [2025-12-11T00:00:00] Please note that a dedicated catalogue entry for this dataset, post-processed and stored in Analysis Ready Cloud Optimized (ARCO) format (Zarr), is available for optimised time-series retrievals (i.e. for retrieving data from selected variables for a single point over an extended period of time in an efficient way). You can discover it [here](https://cds.climate.copernicus.eu/datasets/reanalysis-era5-single-levels-timeseries?tab=overview)
2026-05-05 13:15:05,467 INFO Request ID is 316b1fcc-0315-4f6f-8fed-1c205dbf4310
2026-05-05 13:15:05,656 INFO status has been updated to accepted
2026-05-05 16:52:57,233 INFO status has been updated to successful
Starting job 2026-05-05
Retrieving 2026-04-30 from Copernicus CDS...

764e251d310585e0b489caf8ad796ddb.grib:   0%|          | 0.00/5.43M [00:00<?, ?B/s]
764e251d310585e0b489caf8ad796ddb.grib:  18%|█▊        | 1.00M/5.43M [00:01<00:06, 729kB/s]
764e251d310585e0b489caf8ad796ddb.grib:  37%|███▋      | 2.00M/5.43M [00:01<00:02, 1.53MB/s]
764e251d310585e0b489caf8ad796ddb.grib:  74%|███████▎  | 4.00M/5.43M [00:01<00:00, 3.42MB/s]
                                                                                           
2026-05-05 16:53:03,410 INFO [2025-12-11T00:00:00] Please note that a dedicated catalogue entry for this dataset, post-processed and stored in Analysis Ready Cloud Optimized (ARCO) format (Zarr), is available for optimised time-series retrievals (i.e. for retrieving data from selected variables for a single point over an extended period of time in an efficient way). You can discover it [here](https://cds.climate.copernicus.eu/datasets/reanalysis-era5-single-levels-timeseries?tab=overview)
2026-05-05 16:53:03,410 INFO Request ID is c039cfa8-7fb4-4289-95b5-8ab40fa61e41
2026-05-05 16:53:03,623 INFO status has been updated to accepted
2026-05-05 21:49:24,827 INFO status has been updated to successful
Retrieving 2026-04-29 from Copernicus CDS...

1b45f1b339263d37d4b8c2d9aaa675bf.grib:   0%|          | 0.00/7.67M [00:00<?, ?B/s]
1b45f1b339263d37d4b8c2d9aaa675bf.grib:  13%|█▎        | 1.00M/7.67M [00:01<00:09, 747kB/s]
1b45f1b339263d37d4b8c2d9aaa675bf.grib:  26%|██▌       | 2.00M/7.67M [00:01<00:03, 1.57MB/s]
1b45f1b339263d37d4b8c2d9aaa675bf.grib:  52%|█████▏    | 4.00M/7.67M [00:01<00:01, 3.50MB/s]
1b45f1b339263d37d4b8c2d9aaa675bf.grib:  91%|█████████▏| 7.00M/7.67M [00:01<00:00, 6.64MB/s]
                                                                                           
Success 2026-05-05 ,  2 file(s) downloaded.

2026-05-06 01:15:05,336 INFO [2025-12-11T00:00:00] Please note that a dedicated catalogue entry for this dataset, post-processed and stored in Analysis Ready Cloud Optimized (ARCO) format (Zarr), is available for optimised time-series retrievals (i.e. for retrieving data from selected variables for a single point over an extended period of time in an efficient way). You can discover it [here](https://cds.climate.copernicus.eu/datasets/reanalysis-era5-single-levels-timeseries?tab=overview)
2026-05-06 01:15:05,336 INFO Request ID is d2308be2-9334-4a83-8227-46927ae8ba7b
2026-05-06 01:15:05,517 INFO status has been updated to accepted
2026-05-06 03:48:37,811 INFO status has been updated to successful
Starting job 2026-05-06
Retrieving 2026-05-01 from Copernicus CDS...

f606ad2aac4ada6051997bb61d2568b5.grib:   0%|          | 0.00/1.28M [00:00<?, ?B/s]
f606ad2aac4ada6051997bb61d2568b5.grib:  78%|███████▊  | 1.00M/1.28M [00:01<00:00, 720kB/s]
                                                                                          
Traceback (most recent call last):
  File "/home/psotkaj/anaconda3/envs/project/lib/python3.13/site-packages/xarray/namedarray/core.py", line 433, in __len__
    return self.shape[0]
           ~~~~~~~~~~^^^
IndexError: tuple index out of range

The above exception was the direct cause of the following exception:

Traceback (most recent call last):
  File "/home/psotkaj/era5_for_arcc/api-request.py", line 67, in <module>
    P_converted = xr.Dataset({"tp":(["time","latitude","longitude"],P.tp.values.reshape((len(P.time)*len(P.step),len(P.latitude),len(P.longitude))))},
                                                                                         ~~~^^^^^^^^
  File "/home/psotkaj/anaconda3/envs/project/lib/python3.13/site-packages/xarray/core/dataarray.py", line 781, in __len__
    return len(self.variable)
  File "/home/psotkaj/anaconda3/envs/project/lib/python3.13/site-packages/xarray/namedarray/core.py", line 435, in __len__
    raise TypeError("len() of unsized object") from exc
TypeError: len() of unsized object
2026-05-06 07:15:08,687 INFO [2025-12-11T00:00:00] Please note that a dedicated catalogue entry for this dataset, post-processed and stored in Analysis Ready Cloud Optimized (ARCO) format (Zarr), is available for optimised time-series retrievals (i.e. for retrieving data from selected variables for a single point over an extended period of time in an efficient way). You can discover it [here](https://cds.climate.copernicus.eu/datasets/reanalysis-era5-single-levels-timeseries?tab=overview)
2026-05-06 07:15:08,687 INFO Request ID is 4aff418b-573a-4bc5-bd07-a200d278a3e4
2026-05-06 07:15:08,874 INFO status has been updated to accepted
2026-05-06 11:33:10,339 INFO status has been updated to successful
Starting job 2026-05-06
Retrieving 2026-05-01 from Copernicus CDS...

e7d5de0f53a1617cdbbc0fa713023ae5.grib:   0%|          | 0.00/3.83M [00:00<?, ?B/s]
e7d5de0f53a1617cdbbc0fa713023ae5.grib:  26%|██▌       | 1.00M/3.83M [00:01<00:04, 739kB/s]
e7d5de0f53a1617cdbbc0fa713023ae5.grib:  52%|█████▏    | 2.00M/3.83M [00:01<00:01, 1.55MB/s]
e7d5de0f53a1617cdbbc0fa713023ae5.grib: 100%|██████████| 3.83M/3.83M [00:01<00:00, 3.30MB/s]
                                                                                           
Ignoring index file 'temp/era5-2026-05-01.grib.5b7b6.idx' older than GRIB file
Ignoring index file 'temp/era5-2026-05-01.grib.5b7b6.idx' older than GRIB file
Ignoring index file 'temp/era5-2026-05-01.grib.5b7b6.idx' older than GRIB file
2026-05-06 11:33:15,273 INFO [2025-12-11T00:00:00] Please note that a dedicated catalogue entry for this dataset, post-processed and stored in Analysis Ready Cloud Optimized (ARCO) format (Zarr), is available for optimised time-series retrievals (i.e. for retrieving data from selected variables for a single point over an extended period of time in an efficient way). You can discover it [here](https://cds.climate.copernicus.eu/datasets/reanalysis-era5-single-levels-timeseries?tab=overview)
2026-05-06 11:33:15,273 INFO Request ID is 89e6d7c6-3bed-4a0d-a49d-a647546454ba
2026-05-06 11:33:15,450 INFO status has been updated to accepted
2026-05-06 13:15:05,106 INFO [2025-12-11T00:00:00] Please note that a dedicated catalogue entry for this dataset, post-processed and stored in Analysis Ready Cloud Optimized (ARCO) format (Zarr), is available for optimised time-series retrievals (i.e. for retrieving data from selected variables for a single point over an extended period of time in an efficient way). You can discover it [here](https://cds.climate.copernicus.eu/datasets/reanalysis-era5-single-levels-timeseries?tab=overview)
2026-05-06 13:15:05,106 INFO Request ID is 401828b2-ab9c-40ab-ac96-f246f17380a6
2026-05-06 13:15:05,292 INFO status has been updated to accepted
2026-05-06 20:07:08,243 INFO status has been updated to successful
Retrieving 2026-04-30 from Copernicus CDS...

128bfd1ff0b351671af82c78cf38119f.grib:   0%|          | 0.00/7.67M [00:00<?, ?B/s]
128bfd1ff0b351671af82c78cf38119f.grib:  13%|█▎        | 1.00M/7.67M [00:01<00:09, 710kB/s]
128bfd1ff0b351671af82c78cf38119f.grib:  26%|██▌       | 2.00M/7.67M [00:01<00:03, 1.49MB/s]
128bfd1ff0b351671af82c78cf38119f.grib:  52%|█████▏    | 4.00M/7.67M [00:01<00:01, 3.37MB/s]
128bfd1ff0b351671af82c78cf38119f.grib:  91%|█████████▏| 7.00M/7.67M [00:01<00:00, 6.37MB/s]
                                                                                           
Success 2026-05-06 ,  2 file(s) downloaded.

2026-05-07 02:15:05,086 INFO [2025-12-11T00:00:00] Please note that a dedicated catalogue entry for this dataset, post-processed and stored in Analysis Ready Cloud Optimized (ARCO) format (Zarr), is available for optimised time-series retrievals (i.e. for retrieving data from selected variables for a single point over an extended period of time in an efficient way). You can discover it [here](https://cds.climate.copernicus.eu/datasets/reanalysis-era5-single-levels-timeseries?tab=overview)
2026-05-07 02:15:05,086 INFO Request ID is f36ba816-1f24-4126-9a6e-ee5b8562b228
2026-05-07 02:15:05,278 INFO status has been updated to accepted
2026-05-07 04:05:25,656 INFO status has been updated to successful
Starting job 2026-05-06
Retrieving 2026-05-01 from Copernicus CDS...

f5ee99dae1861f7684389eeb31b563aa.grib:   0%|          | 0.00/7.67M [00:00<?, ?B/s]
f5ee99dae1861f7684389eeb31b563aa.grib:  13%|█▎        | 1.00M/7.67M [00:01<00:10, 693kB/s]
f5ee99dae1861f7684389eeb31b563aa.grib:  26%|██▌       | 2.00M/7.67M [00:01<00:03, 1.51MB/s]
f5ee99dae1861f7684389eeb31b563aa.grib:  52%|█████▏    | 4.00M/7.67M [00:01<00:01, 3.40MB/s]
f5ee99dae1861f7684389eeb31b563aa.grib:  91%|█████████▏| 7.00M/7.67M [00:01<00:00, 6.46MB/s]
                                                                                           
2026-05-07 04:05:32,954 INFO [2025-12-11T00:00:00] Please note that a dedicated catalogue entry for this dataset, post-processed and stored in Analysis Ready Cloud Optimized (ARCO) format (Zarr), is available for optimised time-series retrievals (i.e. for retrieving data from selected variables for a single point over an extended period of time in an efficient way). You can discover it [here](https://cds.climate.copernicus.eu/datasets/reanalysis-era5-single-levels-timeseries?tab=overview)
2026-05-07 04:05:32,955 INFO Request ID is c509ec34-b58d-434b-b69d-eb94bdc5678f
2026-05-07 04:05:33,190 INFO status has been updated to accepted
2026-05-07 08:15:05,858 INFO [2025-12-11T00:00:00] Please note that a dedicated catalogue entry for this dataset, post-processed and stored in Analysis Ready Cloud Optimized (ARCO) format (Zarr), is available for optimised time-series retrievals (i.e. for retrieving data from selected variables for a single point over an extended period of time in an efficient way). You can discover it [here](https://cds.climate.copernicus.eu/datasets/reanalysis-era5-single-levels-timeseries?tab=overview)
2026-05-07 08:15:05,858 INFO Request ID is 6136879c-9805-47cb-a68c-937d067c40bb
2026-05-07 08:15:06,058 INFO status has been updated to accepted
2026-05-07 11:53:14,111 INFO status has been updated to successful
Starting job 2026-05-07
Retrieving 2026-05-02 from Copernicus CDS...

3942c9b76751bb61a778f78cdac15be8.grib:   0%|          | 0.00/3.83M [00:00<?, ?B/s]
3942c9b76751bb61a778f78cdac15be8.grib:  26%|██▌       | 1.00M/3.83M [00:01<00:03, 756kB/s]
3942c9b76751bb61a778f78cdac15be8.grib:  52%|█████▏    | 2.00M/3.83M [00:01<00:01, 1.58MB/s]
3942c9b76751bb61a778f78cdac15be8.grib: 100%|██████████| 3.83M/3.83M [00:01<00:00, 3.37MB/s]
                                                                                           
2026-05-07 11:53:18,621 INFO [2025-12-11T00:00:00] Please note that a dedicated catalogue entry for this dataset, post-processed and stored in Analysis Ready Cloud Optimized (ARCO) format (Zarr), is available for optimised time-series retrievals (i.e. for retrieving data from selected variables for a single point over an extended period of time in an efficient way). You can discover it [here](https://cds.climate.copernicus.eu/datasets/reanalysis-era5-single-levels-timeseries?tab=overview)
2026-05-07 11:53:18,622 INFO Request ID is e6f5098b-a553-4150-b1f7-989ea442ae25
2026-05-07 11:53:18,788 INFO status has been updated to accepted
2026-05-07 19:36:20,350 INFO status has been updated to successful
Retrieving 2026-04-30 from Copernicus CDS...

128bfd1ff0b351671af82c78cf38119f.grib:   0%|          | 0.00/7.67M [00:00<?, ?B/s]
128bfd1ff0b351671af82c78cf38119f.grib:  13%|█▎        | 1.00M/7.67M [00:01<00:09, 739kB/s]
128bfd1ff0b351671af82c78cf38119f.grib:  26%|██▌       | 2.00M/7.67M [00:01<00:03, 1.55MB/s]
128bfd1ff0b351671af82c78cf38119f.grib:  52%|█████▏    | 4.00M/7.67M [00:01<00:01, 3.47MB/s]
128bfd1ff0b351671af82c78cf38119f.grib:  91%|█████████▏| 7.00M/7.67M [00:01<00:00, 6.56MB/s]
                                                                                           
Success 2026-05-06 ,  2 file(s) downloaded.

/home/psotkaj/era5_for_arcc/shell-scripts/daily-api-request.sh: line 6: y: command not found
2026-05-08 03:00:08,529 INFO [2025-12-11T00:00:00] Please note that a dedicated catalogue entry for this dataset, post-processed and stored in Analysis Ready Cloud Optimized (ARCO) format (Zarr), is available for optimised time-series retrievals (i.e. for retrieving data from selected variables for a single point over an extended period of time in an efficient way). You can discover it [here](https://cds.climate.copernicus.eu/datasets/reanalysis-era5-single-levels-timeseries?tab=overview)
2026-05-08 03:00:08,529 INFO Request ID is 97923855-0e3f-4e70-b326-7e4889dc4018
2026-05-08 03:00:08,715 INFO status has been updated to accepted
2026-05-08 04:17:46,062 INFO status has been updated to successful
Starting job 2026-05-07
Retrieving 2026-05-02 from Copernicus CDS...

83d643eab4f34c99ea22d83af43ad76.grib:   0%|          | 0.00/7.67M [00:00<?, ?B/s]
83d643eab4f34c99ea22d83af43ad76.grib:  13%|█▎        | 1.00M/7.67M [00:01<00:09, 721kB/s]
83d643eab4f34c99ea22d83af43ad76.grib:  26%|██▌       | 2.00M/7.67M [00:01<00:03, 1.52MB/s]
83d643eab4f34c99ea22d83af43ad76.grib:  52%|█████▏    | 4.00M/7.67M [00:01<00:01, 3.44MB/s]
83d643eab4f34c99ea22d83af43ad76.grib:  91%|█████████▏| 7.00M/7.67M [00:01<00:00, 6.31MB/s]
                                                                                          
2026-05-08 04:17:52,638 INFO [2025-12-11T00:00:00] Please note that a dedicated catalogue entry for this dataset, post-processed and stored in Analysis Ready Cloud Optimized (ARCO) format (Zarr), is available for optimised time-series retrievals (i.e. for retrieving data from selected variables for a single point over an extended period of time in an efficient way). You can discover it [here](https://cds.climate.copernicus.eu/datasets/reanalysis-era5-single-levels-timeseries?tab=overview)
2026-05-08 04:17:52,638 INFO Request ID is 8c1202d8-965b-415a-a743-d6bb7b84df37
2026-05-08 04:17:52,802 INFO status has been updated to accepted
Recovering from HTTP error [500 Internal Server Error], attempt 1 of 500
Retrying in 120 seconds
Recovering from connection error [('Connection aborted.', RemoteDisconnected('Remote end closed connection without response'))], attempt 1 of 500
Retrying in 120 seconds
Recovering from HTTP error [500 Internal Server Error], attempt 1 of 500
Retrying in 120 seconds
2026-05-08 13:29:37,008 INFO status has been updated to successful
Retrieving 2026-05-01 from Copernicus CDS...

f5ee99dae1861f7684389eeb31b563aa.grib:   0%|          | 0.00/7.67M [00:00<?, ?B/s]
f5ee99dae1861f7684389eeb31b563aa.grib:  13%|█▎        | 1.00M/7.67M [00:01<00:09, 720kB/s]
f5ee99dae1861f7684389eeb31b563aa.grib:  26%|██▌       | 2.00M/7.67M [00:01<00:03, 1.51MB/s]
f5ee99dae1861f7684389eeb31b563aa.grib:  52%|█████▏    | 4.00M/7.67M [00:01<00:01, 3.38MB/s]
f5ee99dae1861f7684389eeb31b563aa.grib:  91%|█████████▏| 7.00M/7.67M [00:01<00:00, 6.41MB/s]
                                                                                           
Success 2026-05-07 ,  2 file(s) downloaded.

2026-05-08 20:57:07,946 INFO status has been updated to successful
Starting job 2026-05-08
Retrieving 2026-05-03 from Copernicus CDS...

3557ad225d8136bedbc8e0d0c5767eb7.grib:   0%|          | 0.00/6.71M [00:00<?, ?B/s]
3557ad225d8136bedbc8e0d0c5767eb7.grib:  15%|█▍        | 1.00M/6.71M [00:01<00:08, 744kB/s]
3557ad225d8136bedbc8e0d0c5767eb7.grib:  30%|██▉       | 2.00M/6.71M [00:01<00:03, 1.56MB/s]
3557ad225d8136bedbc8e0d0c5767eb7.grib:  60%|█████▉    | 4.00M/6.71M [00:01<00:00, 3.50MB/s]
3557ad225d8136bedbc8e0d0c5767eb7.grib: 100%|██████████| 6.71M/6.71M [00:01<00:00, 6.28MB/s]
                                                                                           
2026-05-08 20:57:13,056 INFO [2025-12-11T00:00:00] Please note that a dedicated catalogue entry for this dataset, post-processed and stored in Analysis Ready Cloud Optimized (ARCO) format (Zarr), is available for optimised time-series retrievals (i.e. for retrieving data from selected variables for a single point over an extended period of time in an efficient way). You can discover it [here](https://cds.climate.copernicus.eu/datasets/reanalysis-era5-single-levels-timeseries?tab=overview)
2026-05-08 20:57:13,056 INFO Request ID is 1a5d72e4-6e57-4bfd-b6cd-c0f93ffaa924
2026-05-08 20:57:13,223 INFO status has been updated to accepted
2026-05-09 02:41:29,667 INFO status has been updated to successful
Retrieving 2026-05-01 from Copernicus CDS...

f5ee99dae1861f7684389eeb31b563aa.grib:   0%|          | 0.00/7.67M [00:00<?, ?B/s]
f5ee99dae1861f7684389eeb31b563aa.grib:  13%|█▎        | 1.00M/7.67M [00:01<00:09, 729kB/s]
f5ee99dae1861f7684389eeb31b563aa.grib:  26%|██▌       | 2.00M/7.67M [00:01<00:03, 1.53MB/s]
f5ee99dae1861f7684389eeb31b563aa.grib:  52%|█████▏    | 4.00M/7.67M [00:01<00:01, 3.44MB/s]
f5ee99dae1861f7684389eeb31b563aa.grib:  91%|█████████▏| 7.00M/7.67M [00:01<00:00, 6.52MB/s]
                                                                                           
Success 2026-05-07 ,  2 file(s) downloaded.

2026-05-09 03:00:07,589 INFO [2025-12-11T00:00:00] Please note that a dedicated catalogue entry for this dataset, post-processed and stored in Analysis Ready Cloud Optimized (ARCO) format (Zarr), is available for optimised time-series retrievals (i.e. for retrieving data from selected variables for a single point over an extended period of time in an efficient way). You can discover it [here](https://cds.climate.copernicus.eu/datasets/reanalysis-era5-single-levels-timeseries?tab=overview)
2026-05-09 03:00:07,590 INFO Request ID is 61107304-86c5-45f9-a2a2-5d343bab7cec
2026-05-09 03:00:09,550 INFO status has been updated to accepted
2026-05-09 10:32:48,354 INFO status has been updated to successful
Retrieving 2026-05-02 from Copernicus CDS...

83d643eab4f34c99ea22d83af43ad76.grib:   0%|          | 0.00/7.67M [00:00<?, ?B/s]
83d643eab4f34c99ea22d83af43ad76.grib:  13%|█▎        | 1.00M/7.67M [00:01<00:09, 733kB/s]
83d643eab4f34c99ea22d83af43ad76.grib:  26%|██▌       | 2.00M/7.67M [00:01<00:03, 1.53MB/s]
83d643eab4f34c99ea22d83af43ad76.grib:  52%|█████▏    | 4.00M/7.67M [00:01<00:01, 3.44MB/s]
83d643eab4f34c99ea22d83af43ad76.grib:  91%|█████████▏| 7.00M/7.67M [00:01<00:00, 6.49MB/s]
                                                                                          
Success 2026-05-08 ,  2 file(s) downloaded.

2026-05-09 18:10:10,549 INFO status has been updated to successful
Starting job 2026-05-09
Retrieving 2026-05-04 from Copernicus CDS...

38532da4ef7ca399bc1dc1ddb2bada9c.grib:   0%|          | 0.00/6.07M [00:00<?, ?B/s]
38532da4ef7ca399bc1dc1ddb2bada9c.grib:  16%|█▋        | 1.00M/6.07M [00:01<00:07, 727kB/s]
38532da4ef7ca399bc1dc1ddb2bada9c.grib:  33%|███▎      | 2.00M/6.07M [00:01<00:02, 1.52MB/s]
38532da4ef7ca399bc1dc1ddb2bada9c.grib:  49%|████▉     | 3.00M/6.07M [00:01<00:01, 2.40MB/s]
38532da4ef7ca399bc1dc1ddb2bada9c.grib:  82%|████████▏ | 5.00M/6.07M [00:01<00:00, 4.48MB/s]
                                                                                           
2026-05-09 18:10:15,632 INFO [2025-12-11T00:00:00] Please note that a dedicated catalogue entry for this dataset, post-processed and stored in Analysis Ready Cloud Optimized (ARCO) format (Zarr), is available for optimised time-series retrievals (i.e. for retrieving data from selected variables for a single point over an extended period of time in an efficient way). You can discover it [here](https://cds.climate.copernicus.eu/datasets/reanalysis-era5-single-levels-timeseries?tab=overview)
2026-05-09 18:10:15,632 INFO Request ID is 7a9b9bb6-d31e-4798-b670-248557f9af68
2026-05-09 18:10:16,016 INFO status has been updated to accepted
2026-05-10 00:28:55,900 INFO status has been updated to successful
Retrieving 2026-05-03 from Copernicus CDS...

c1ed205287d0d2c58a4b709bc0800ca8.grib:   0%|          | 0.00/7.67M [00:00<?, ?B/s]
c1ed205287d0d2c58a4b709bc0800ca8.grib:  13%|█▎        | 1.00M/7.67M [00:01<00:09, 736kB/s]
c1ed205287d0d2c58a4b709bc0800ca8.grib:  26%|██▌       | 2.00M/7.67M [00:01<00:03, 1.54MB/s]
c1ed205287d0d2c58a4b709bc0800ca8.grib:  52%|█████▏    | 4.00M/7.67M [00:01<00:01, 3.46MB/s]
c1ed205287d0d2c58a4b709bc0800ca8.grib:  91%|█████████▏| 7.00M/7.67M [00:01<00:00, 6.56MB/s]
                                                                                           
Success 2026-05-09 ,  2 file(s) downloaded.

2026-05-10 03:00:05,633 INFO [2025-12-11T00:00:00] Please note that a dedicated catalogue entry for this dataset, post-processed and stored in Analysis Ready Cloud Optimized (ARCO) format (Zarr), is available for optimised time-series retrievals (i.e. for retrieving data from selected variables for a single point over an extended period of time in an efficient way). You can discover it [here](https://cds.climate.copernicus.eu/datasets/reanalysis-era5-single-levels-timeseries?tab=overview)
2026-05-10 03:00:05,634 INFO Request ID is af1890cb-72fd-4759-b6ce-13fb0cedcb40
2026-05-10 03:00:06,203 INFO status has been updated to accepted
2026-05-10 06:19:44,695 INFO status has been updated to successful
Starting job 2026-05-10
Retrieving 2026-05-05 from Copernicus CDS...

ca25a92baa805e8b59c57a31bfa765eb.grib:   0%|          | 0.00/2.24M [00:00<?, ?B/s]
ca25a92baa805e8b59c57a31bfa765eb.grib:  45%|████▍     | 1.00M/2.24M [00:01<00:01, 755kB/s]
ca25a92baa805e8b59c57a31bfa765eb.grib:  89%|████████▉ | 2.00M/2.24M [00:01<00:00, 1.58MB/s]
                                                                                           
Traceback (most recent call last):
  File "/home/psotkaj/anaconda3/envs/era5-env/lib/python3.13/site-packages/xarray/namedarray/core.py", line 433, in __len__
    return self.shape[0]
           ~~~~~~~~~~^^^
IndexError: tuple index out of range

The above exception was the direct cause of the following exception:

Traceback (most recent call last):
  File "/home/psotkaj/era5_for_arcc/api-request.py", line 74, in <module>
    P_converted = xr.Dataset({"tp":(["time","latitude","longitude"],P.tp.values.reshape((len(P.time)*len(P.step),len(P.latitude),len(P.longitude))))},
                                                                                         ~~~^^^^^^^^
  File "/home/psotkaj/anaconda3/envs/era5-env/lib/python3.13/site-packages/xarray/core/dataarray.py", line 781, in __len__
    return len(self.variable)
  File "/home/psotkaj/anaconda3/envs/era5-env/lib/python3.13/site-packages/xarray/namedarray/core.py", line 435, in __len__
    raise TypeError("len() of unsized object") from exc
TypeError: len() of unsized object
2026-05-11 03:00:05,762 INFO [2025-12-11T00:00:00] Please note that a dedicated catalogue entry for this dataset, post-processed and stored in Analysis Ready Cloud Optimized (ARCO) format (Zarr), is available for optimised time-series retrievals (i.e. for retrieving data from selected variables for a single point over an extended period of time in an efficient way). You can discover it [here](https://cds.climate.copernicus.eu/datasets/reanalysis-era5-single-levels-timeseries?tab=overview)
2026-05-11 03:00:05,765 INFO Request ID is aca4b2cb-d7d1-4935-aa85-a83ab1158457
2026-05-11 03:00:06,650 INFO status has been updated to accepted
2026-05-11 03:06:29,398 INFO status has been updated to successful
Starting job 2026-05-11
Retrieving 2026-05-06 from Copernicus CDS...

d6d6cdf9d86701bf2766f174919837d0.grib:   0%|          | 0.00/1.28M [00:00<?, ?B/s]
d6d6cdf9d86701bf2766f174919837d0.grib:  78%|███████▊  | 1.00M/1.28M [00:01<00:00, 745kB/s]
                                                                                          
Traceback (most recent call last):
  File "/home/psotkaj/anaconda3/envs/era5-env/lib/python3.13/site-packages/xarray/namedarray/core.py", line 433, in __len__
    return self.shape[0]
           ~~~~~~~~~~^^^
IndexError: tuple index out of range

The above exception was the direct cause of the following exception:

Traceback (most recent call last):
  File "/home/psotkaj/era5_for_arcc/api-request.py", line 74, in <module>
    P_converted = xr.Dataset({"tp":(["time","latitude","longitude"],P.tp.values.reshape((len(P.time)*len(P.step),len(P.latitude),len(P.longitude))))},
                                                                                         ~~~^^^^^^^^
  File "/home/psotkaj/anaconda3/envs/era5-env/lib/python3.13/site-packages/xarray/core/dataarray.py", line 781, in __len__
    return len(self.variable)
  File "/home/psotkaj/anaconda3/envs/era5-env/lib/python3.13/site-packages/xarray/namedarray/core.py", line 435, in __len__
    raise TypeError("len() of unsized object") from exc
TypeError: len() of unsized object
2026-05-12 03:00:09,472 INFO [2025-12-11T00:00:00] Please note that a dedicated catalogue entry for this dataset, post-processed and stored in Analysis Ready Cloud Optimized (ARCO) format (Zarr), is available for optimised time-series retrievals (i.e. for retrieving data from selected variables for a single point over an extended period of time in an efficient way). You can discover it [here](https://cds.climate.copernicus.eu/datasets/reanalysis-era5-single-levels-timeseries?tab=overview)
2026-05-12 03:00:09,472 INFO Request ID is 4e7705a6-6150-4b3a-bdaf-ba8b334ec94c
2026-05-12 03:00:10,208 INFO status has been updated to accepted
2026-05-12 10:20:33,238 INFO status has been updated to successful

 Starting job 2026-05-12
Retrieving 2026-05-07 from Copernicus CDS...

ef92ec29c3cd7d2b7bdb726e3fa03071.grib:   0%|          | 0.00/3.52M [00:00<?, ?B/s]
ef92ec29c3cd7d2b7bdb726e3fa03071.grib:  28%|██▊       | 1.00M/3.52M [00:01<00:03, 739kB/s]
ef92ec29c3cd7d2b7bdb726e3fa03071.grib:  57%|█████▋    | 2.00M/3.52M [00:01<00:01, 1.55MB/s]
ef92ec29c3cd7d2b7bdb726e3fa03071.grib: 100%|██████████| 3.52M/3.52M [00:01<00:00, 2.96MB/s]
                                                                                           
2026-05-12 10:20:37,913 INFO [2025-12-11T00:00:00] Please note that a dedicated catalogue entry for this dataset, post-processed and stored in Analysis Ready Cloud Optimized (ARCO) format (Zarr), is available for optimised time-series retrievals (i.e. for retrieving data from selected variables for a single point over an extended period of time in an efficient way). You can discover it [here](https://cds.climate.copernicus.eu/datasets/reanalysis-era5-single-levels-timeseries?tab=overview)
2026-05-12 10:20:37,913 INFO Request ID is 02e00912-aafd-4e6f-8f18-1e3e43f3ce62
2026-05-12 10:20:38,252 INFO status has been updated to accepted
2026-05-12 20:01:47,236 INFO status has been updated to successful
Retrieving 2026-05-06 from Copernicus CDS...

8e3dd07646635d15affcee8f2e12a3a.grib:   0%|          | 0.00/7.67M [00:00<?, ?B/s]
8e3dd07646635d15affcee8f2e12a3a.grib:  13%|█▎        | 1.00M/7.67M [00:01<00:10, 694kB/s]
8e3dd07646635d15affcee8f2e12a3a.grib:  26%|██▌       | 2.00M/7.67M [00:01<00:04, 1.46MB/s]
8e3dd07646635d15affcee8f2e12a3a.grib:  39%|███▉      | 3.00M/7.67M [00:01<00:02, 2.16MB/s]
8e3dd07646635d15affcee8f2e12a3a.grib:  78%|███████▊  | 6.00M/7.67M [00:02<00:00, 5.23MB/s]
8e3dd07646635d15affcee8f2e12a3a.grib: 100%|██████████| 7.67M/7.67M [00:02<00:00, 6.39MB/s]
                                                                                          
Success 2026-05-12 ,  2 file(s) downloaded.

2026-05-13 02:00:06,514 INFO [2025-12-11T00:00:00] Please note that a dedicated catalogue entry for this dataset, post-processed and stored in Analysis Ready Cloud Optimized (ARCO) format (Zarr), is available for optimised time-series retrievals (i.e. for retrieving data from selected variables for a single point over an extended period of time in an efficient way). You can discover it [here](https://cds.climate.copernicus.eu/datasets/reanalysis-era5-single-levels-timeseries?tab=overview)
2026-05-13 02:00:06,514 INFO Request ID is ad664e0a-e9ba-4f4a-abce-70f78fcab423
2026-05-13 02:00:06,695 INFO status has been updated to accepted
2026-05-13 04:09:59,558 INFO status has been updated to successful

 Starting job 2026-05-13
Retrieving 2026-05-07 from Copernicus CDS...

19ab5d0f20d54918982b88fa9b31a7bb.grib:   0%|          | 0.00/7.67M [00:00<?, ?B/s]
19ab5d0f20d54918982b88fa9b31a7bb.grib:  13%|█▎        | 1.00M/7.67M [00:01<00:09, 720kB/s]
19ab5d0f20d54918982b88fa9b31a7bb.grib:  26%|██▌       | 2.00M/7.67M [00:01<00:03, 1.52MB/s]
19ab5d0f20d54918982b88fa9b31a7bb.grib:  39%|███▉      | 3.00M/7.67M [00:01<00:02, 2.40MB/s]
19ab5d0f20d54918982b88fa9b31a7bb.grib:  65%|██████▌   | 5.00M/7.67M [00:01<00:00, 4.51MB/s]
19ab5d0f20d54918982b88fa9b31a7bb.grib: 100%|██████████| 7.67M/7.67M [00:02<00:00, 7.38MB/s]
                                                                                           
2026-05-13 04:15:08,606 INFO [2025-12-11T00:00:00] Please note that a dedicated catalogue entry for this dataset, post-processed and stored in Analysis Ready Cloud Optimized (ARCO) format (Zarr), is available for optimised time-series retrievals (i.e. for retrieving data from selected variables for a single point over an extended period of time in an efficient way). You can discover it [here](https://cds.climate.copernicus.eu/datasets/reanalysis-era5-single-levels-timeseries?tab=overview)
2026-05-13 04:15:08,607 INFO Request ID is fa7fc0c2-3879-4925-b8fc-75e6763dde05
2026-05-13 04:15:09,042 INFO status has been updated to accepted
2026-05-13 11:45:23,166 INFO status has been updated to successful
Retrieving 2026-05-08 from Copernicus CDS...

b56a64aac411d420eabc5b123e77ce02.grib:   0%|          | 0.00/3.83M [00:00<?, ?B/s]
b56a64aac411d420eabc5b123e77ce02.grib:  26%|██▌       | 1.00M/3.83M [00:01<00:03, 757kB/s]
b56a64aac411d420eabc5b123e77ce02.grib:  52%|█████▏    | 2.00M/3.83M [00:01<00:01, 1.59MB/s]
b56a64aac411d420eabc5b123e77ce02.grib: 100%|██████████| 3.83M/3.83M [00:01<00:00, 3.37MB/s]
                                                                                           
Success 2026-05-13 ,  2 file(s) downloaded.

